<?xml version="1.0" encoding="UTF-8"?>
<testsuite xmlns:xsi="http://www.w3.org/2001/XMLSchema-instance" xsi:noNamespaceSchemaLocation="https://maven.apache.org/surefire/maven-surefire-plugin/xsd/surefire-test-report.xsd" name="com.projetb3.api_watashihouse.UtilisateurControllerTest" time="5.205" tests="7" errors="0" skipped="0" failures="0">
  <properties>
[...]
</properties>
  <testcase name="should_delete_one_utilisateur" classname="com.projetb3.api_watashihouse.UtilisateurControllerTest" time="0.299"/>
  <testcase name="should_not_delete_one_utilisateur" classname="com.projetb3.api_watashihouse.UtilisateurControllerTest" time="0.07"/>
  <testcase name="should_get_one_utilisateur" classname="com.projetb3.api_watashihouse.UtilisateurControllerTest" time="0.098"/>
  <testcase name="should_get_all_utilisateurs" classname="com.projetb3.api_watashihouse.UtilisateurControllerTest" time="0.155"/>
  <testcase name="should_not_get_one_utilisateur" classname="com.projetb3.api_watashihouse.UtilisateurControllerTest" time="0.049"/>
  <testcase name="should_put_one_utilisateur" classname="com.projetb3.api_watashihouse.UtilisateurControllerTest" time="0.124"/>
  <testcase name="should_not_put_one_utilisateur" classname="com.projetb3.api_watashihouse.UtilisateurControllerTest" time="0.061"/>
</testsuite>